D [2017-10-07 15:34:57.877] Created log file: D:\Desktop\MyBot\MyBot-MBR_v7.2.5\Profiles\MyVillage\Logs\2017-10-07_15.34.57.log
D [2017-10-07 15:34:57.846] Full Command Line: 1 /restart
D [2017-10-07 15:34:57.846] Command Line Option detected: /restart
L [2017-10-07 15:34:57.862] ====================== BOT LOG ======================
D [2017-10-07 15:34:57.877] @AutoItExe: C:\Program Files (x86)\AutoIt3\AutoIt3.exe
D [2017-10-07 15:34:57.877] @ScriptFullPath: D:\Desktop\MyBot\MyBot-MBR_v7.2.5\MyBot.run.au3
D [2017-10-07 15:34:57.877] @WorkingDir: D:\Desktop\MyBot\MyBot-MBR_v7.2.5
D [2017-10-07 15:34:57.877] @AutoItPID: 5236
D [2017-10-07 15:34:57.877] @OSArch: X64
D [2017-10-07 15:34:57.877] @OSVersion: WIN_7
D [2017-10-07 15:34:57.893] @OSBuild: 7601
D [2017-10-07 15:34:57.893] @OSServicePack: Service Pack 1
D [2017-10-07 15:34:57.893] Primary Display: 1366 x 768 - 32bit
D [2017-10-07 15:34:57.893] Bot title updated to: My Bot v7.2.5 
D [2017-10-07 15:34:57.893] readConfig(), call number 1
D [2017-10-07 15:34:57.908] Read Building Config D:\Desktop\MyBot\MyBot-MBR_v7.2.5\Profiles\MyVillage\building.ini
D [2017-10-07 15:34:57.940] Read Config D:\Desktop\MyBot\MyBot-MBR_v7.2.5\Profiles\MyVillage\config.ini
L [2017-10-07 15:34:57.940] Android Emulator BlueStacks2
D [2017-10-07 15:34:57.940] UpdateAndroidConfig("Android")
D [2017-10-07 15:34:57.940] InitAndroid(False): BlueStacks2
D [2017-10-07 15:34:57.940] BlueStacks2 Engine 'Plus'-Mode: False
D [2017-10-07 15:34:57.940] BlueStacks2 OEM Features: 0
D [2017-10-07 15:34:57.940] BlueStacks2 System Bar is available
D [2017-10-07 15:34:57.940] Searching BlueStacks2 Window: Title = 'BlueStacks ', Class = '[CLASS:BlueStacksApp; INSTANCE:1]', Text = '_ctl.Window'
D [2017-10-07 15:34:57.940] WMI Query: Select Handle,ExecutablePath,CommandLine from Win32_Process where ExecutablePath like '%C:\\Program Files (x86)\\BlueStacks\\HD-Frontend.exe%'
D [2017-10-07 15:34:58.049] Process by CommandLine not found: C:\Program Files (x86)\BlueStacks\HD-Frontend.exe Android
D [2017-10-07 15:34:58.064] BlueStacks2 (Android) Window not found in list
D [2017-10-07 15:34:58.064] Android Emulator not launched
D [2017-10-07 15:34:58.064] Disabled WerFault for HD-Frontend.exe
L [2017-10-07 15:34:58.064] BlueStacks2 unsupported render mode 2
L [2017-10-07 15:34:58.064] BlueStacks2 (Android) unsupported Graphics Engine / Render Mode, using DirectX/WinAPI
D [2017-10-07 15:34:58.064] Disable ADB screencap, using WinAPI DirectX for Background Mode
D [2017-10-07 15:34:58.064] Android: BlueStacks2
D [2017-10-07 15:34:58.064] Android Config: 1
D [2017-10-07 15:34:58.064] Android Version: 2.0.2.5623
D [2017-10-07 15:34:58.064] Android Instance: Android
D [2017-10-07 15:34:58.064] Android Window Title: BlueStacks 
D [2017-10-07 15:34:58.064] Android Program Path: C:\Program Files (x86)\BlueStacks\HD-Frontend.exe
D [2017-10-07 15:34:58.064] Android Program Parameter: Android
D [2017-10-07 15:34:58.064] Android Program FileVersionInfo: 0,,BlueStack Systems, Inc.,BlueStacks Frontend,2.0.2.5623,HD-Frontend.exe,Copyright 2011 BlueStack Systems, Inc.  All Rights Reserved.,,HD-Frontend.exe,BlueStacks,2.0.2.5623,,
D [2017-10-07 15:34:58.064] Android SecureME setting: 3
D [2017-10-07 15:34:58.064] Android ADB Path: C:\Program Files (x86)\BlueStacks\HD-Adb.exe
D [2017-10-07 15:34:58.064] Android VBoxManage Path: C:\Program Files (x86)\BlueStacks\BstkVMMgr.exe
D [2017-10-07 15:34:58.080] Android ADB Device: 127.0.0.1:5555
D [2017-10-07 15:34:58.080] Android ADB Shared Folder: /storage/sdcard/windows/BstSharedFolder/
D [2017-10-07 15:34:58.080] Android ADB Shared Folder on Host: C:\ProgramData\BlueStacks\UserData\SharedFolder\
D [2017-10-07 15:34:58.080] Android ADB Shared SubFolder: 
D [2017-10-07 15:34:58.080] Android Mouse Device: BlueStacks Virtual Touch
D [2017-10-07 15:34:58.080] Android ADB screencap command enabled: False
D [2017-10-07 15:34:58.080] Android ADB input command enabled: True
D [2017-10-07 15:34:58.080] Android ADB Mouse Click enabled: False
D [2017-10-07 15:34:58.080] Android ADB Click Drag enabled: True
D [2017-10-07 15:34:58.080] Bot Background Mode for screen capture: disabled
D [2017-10-07 15:34:58.080] No Focus Tampering: False
D [2017-10-07 15:34:58.080] Searching BlueStacks2 Window: Title = 'BlueStacks ', Class = '[CLASS:BlueStacksApp; INSTANCE:1]', Text = '_ctl.Window'
D [2017-10-07 15:34:58.080] WMI Query: Select Handle,ExecutablePath,CommandLine from Win32_Process where ExecutablePath like '%C:\\Program Files (x86)\\BlueStacks\\HD-Frontend.exe%'
D [2017-10-07 15:34:58.127] Process by CommandLine not found: C:\Program Files (x86)\BlueStacks\HD-Frontend.exe Android
D [2017-10-07 15:34:58.127] BlueStacks2 (Android) Window not found in list
D [2017-10-07 15:34:58.142] Android Emulator not launched
D [2017-10-07 15:34:58.142] InitAndroid(False): BlueStacks2 END, initialization successful = True, result = True
D [2017-10-07 15:34:58.142] UpdateAndroidConfig("Android") END
D [2017-10-07 15:34:58.283] Aquired mutex ticket: Launching.1, 0x00000214
D [2017-10-07 15:34:58.298] Watchdog already running
D [2017-10-07 15:35:01.264] New Bot Host Window Handle registered: 0x002A0E18
D [2017-10-07 15:35:06.870] SplashStep 1 of 10: Initializing Android...(8.58 sec)
D [2017-10-07 15:35:06.870] SplashStep 2 of 10: Initializing Android...(8.58 sec)
D [2017-10-07 15:35:06.870] Retrieving CoC distributors
D [2017-10-07 15:35:06.885] C:\ProgramData\BlueStacks\UserData\SharedFolder\ exists
D [2017-10-07 15:35:08.010] Bot title updated to: My Bot v7.2.5 (Android)
D [2017-10-07 15:35:08.010] UpdateSplashTitle: My Bot v7.2.5 (Android), Profile: MyVillage
D [2017-10-07 15:35:08.025] My Bot is the only running instance
D [2017-10-07 15:35:08.025] SplashStep 3 of 10: Loading Main GUI...(9.73 sec)
D [2017-10-07 15:35:08.041] SplashStep 4 of 10: Loading GUI Bottom...(9.75 sec)
D [2017-10-07 15:35:08.119] SplashStep 5 of 10: Loading Log tab...(9.83 sec)
D [2017-10-07 15:35:08.696] SplashStep 6 of 10: Loading Village tab...(10.39 sec)
D [2017-10-07 15:35:10.147] SplashStep 7 of 10: Loading Attack tab...(11.84 sec)
D [2017-10-07 15:35:12.643] SplashStep 8 of 10: Loading Bot tab...(14.35 sec)
D [2017-10-07 15:35:12.799] Retrieving CoC distributors
D [2017-10-07 15:35:12.799] C:\ProgramData\BlueStacks\UserData\SharedFolder\ exists
